<?xml version="1.0" encoding="UTF-8"?>
<testsuite xmlns:xsi="http://www.w3.org/2001/XMLSchema-instance" xsi:noNamespaceSchemaLocation="https://maven.apache.org/surefire/maven-surefire-plugin/xsd/surefire-test-report-3.0.xsd" version="3.0" name="it.cparisi.pakkiotto.extension.test.PakkiottoExtensionTest" time="2.749" tests="1" errors="0" skipped="0" failures="0">
  <properties>
[...]
</properties>
  <testcase name="writeYourOwnUnitTest" classname="it.cparisi.pakkiotto.extension.test.PakkiottoExtensionTest" time="0.02">
    <system-out><![CDATA[2023-03-23 20:46:17,154 WARN  [io.qua.run.uti.ContainerRuntimeUtil] (main) Command "docker" exited with error code 1. Rootless container runtime detection might not be reliable.
2023-03-23 20:46:17,715 INFO  [io.qua.arc.pro.Interceptors] (build-5) The interceptor it.cparisi.pakkiotto.extension.runtime.LoggingInterceptor does not declare any @Priority. It will be assigned a default priority value of 0.
2023-03-23 20:46:18,298 INFO  [io.quarkus] (main) pakkiotto-extension-deployment 1.0.0-SNAPSHOT on JVM (powered by Quarkus 2.16.5.Final) started in 0.338s. Listening on: http://localhost:8081
2023-03-23 20:46:18,299 INFO  [io.quarkus] (main) Profile test activated. 
2023-03-23 20:46:18,299 INFO  [io.quarkus] (main) Installed features: [cdi, pakkiotto-extension, servlet, smallrye-context-propagation, vertx]
]]></system-out>
  </testcase>
</testsuite>